0 info it worked if it ends with ok
1 verbose cli [ 'D:\\Program Files\\nodejs\\\\node.exe',
1 verbose cli   'D:\\Program Files\\nodejs\\node_modules\\npm\\bin\\npm-cli.js',
1 verbose cli   'install',
1 verbose cli   'feather2',
1 verbose cli   '-g' ]
2 info using npm@2.11.3
3 info using node@v0.12.7
4 verbose install initial load of D:\Users\SUNJIA032\AppData\Roaming\npm\package.json
5 verbose readDependencies loading dependencies from D:\Users\SUNJIA032\AppData\Roaming\npm\package.json
6 silly cache add args [ 'feather2', null ]
7 verbose cache add spec feather2
8 silly cache add parsed spec { raw: 'feather2',
8 silly cache add   scope: null,
8 silly cache add   name: 'feather2',
8 silly cache add   rawSpec: '',
8 silly cache add   spec: '*',
8 silly cache add   type: 'range' }
9 silly addNamed feather2@*
10 verbose addNamed "*" is a valid semver range for feather2
11 silly addNameRange { name: 'feather2', range: '*', hasData: false }
12 silly mapToRegistry name feather2
13 silly mapToRegistry using default registry
14 silly mapToRegistry registry http://registry.npm.taobao.org/
15 silly mapToRegistry uri http://registry.npm.taobao.org/feather2
16 verbose addNameRange registry:http://registry.npm.taobao.org/feather2 not in flight; fetching
17 verbose get http://registry.npm.taobao.org/feather2 not expired, no request
18 silly addNameRange number 2 { name: 'feather2', range: '*', hasData: true }
19 silly addNameRange versions [ 'feather2',
19 silly addNameRange   [ '2.0.15',
19 silly addNameRange     '2.0.14',
19 silly addNameRange     '2.0.13',
19 silly addNameRange     '2.0.12',
19 silly addNameRange     '2.0.11',
19 silly addNameRange     '2.0.10',
19 silly addNameRange     '2.0.9',
19 silly addNameRange     '2.0.8',
19 silly addNameRange     '2.0.6',
19 silly addNameRange     '2.0.5',
19 silly addNameRange     '2.0.4',
19 silly addNameRange     '2.0.3',
19 silly addNameRange     '2.0.2',
19 silly addNameRange     '2.0.1',
19 silly addNameRange     '2.0.0',
19 silly addNameRange     '0.2.1',
19 silly addNameRange     '0.2.0',
19 silly addNameRange     '0.1.0' ] ]
20 silly addNamed feather2@2.0.15
21 verbose addNamed "2.0.15" is a plain semver version for feather2
22 silly cache afterAdd feather2@2.0.15
23 verbose afterAdd D:\Users\SUNJIA032\AppData\Roaming\npm-cache\feather2\2.0.15\package\package.json not in flight; writing
24 verbose afterAdd D:\Users\SUNJIA032\AppData\Roaming\npm-cache\feather2\2.0.15\package\package.json written
25 silly install resolved [ { name: 'feather2',
25 silly install resolved     version: '2.0.15',
25 silly install resolved     description: 'feather2.0',
25 silly install resolved     main: 'index.js',
25 silly install resolved     bin: { feather2: 'bin/feather' },
25 silly install resolved     repository:
25 silly install resolved      { type: 'git',
25 silly install resolved        url: 'git+https://github.com/feather-team/feather2.git' },
25 silly install resolved     scripts: { test: 'echo "Error: no test specified" && exit 1' },
25 silly install resolved     author: { name: 'jsyczhanghao@sina.com' },
25 silly install resolved     license: 'ISC',
25 silly install resolved     dependencies:
25 silly install resolved      { 'feather-optimizer-htmlmin': '^0.1.2',
25 silly install resolved        'feather-postprocessor-inline-compress': '~1.0.0',
25 silly install resolved        'feather2-command-init': '^1.1.0',
25 silly install resolved        'feather2-command-install': '^1.0.0',
25 silly install resolved        'feather2-deploy-default': '~1.1.0',
25 silly install resolved        'feather2-hook-components': '^1.1.0',
25 silly install resolved        'feather2-packager-map': '^1.0.2',
25 silly install resolved        'feather2-postpackager-loader': '^1.1.0',
25 silly install resolved        'feather2-postprocessor-analyse': '^1.1.0',
25 silly install resolved        'feather2-prepackager-framework': '^1.0.0',
25 silly install resolved        'feather2-preprocessor-label-analyse': '^1.0.0',
25 silly install resolved        'feather2-server-node': '^1.0.0',
25 silly install resolved        'fis-parser-less': '^0.1.3',
25 silly install resolved        fis3: '3.3.30',
25 silly install resolved        liftoff: '^2.2.0',
25 silly install resolved        minimist: '^1.2.0' },
25 silly install resolved     gitHead: '686e21bbb4086da4e0ccde92547c820d667d460b',
25 silly install resolved     bugs: { url: 'https://github.com/feather-team/feather2/issues' },
25 silly install resolved     homepage: 'https://github.com/feather-team/feather2#readme',
25 silly install resolved     _id: 'feather2@2.0.15',
25 silly install resolved     _shasum: 'de47049b4630f33b63fe15dd217d52eb4b736612',
25 silly install resolved     _from: 'feather2@*',
25 silly install resolved     _npmVersion: '2.14.9',
25 silly install resolved     _nodeVersion: '0.12.12',
25 silly install resolved     _npmUser: { name: 'zhanghao', email: 'jsyczhanghao@sina.com' },
25 silly install resolved     dist:
25 silly install resolved      { shasum: 'de47049b4630f33b63fe15dd217d52eb4b736612',
25 silly install resolved        size: 18900,
25 silly install resolved        noattachment: false,
25 silly install resolved        tarball: 'http://registry.npm.taobao.org/feather2/download/feather2-2.0.15.tgz' },
25 silly install resolved     maintainers: [ [Object] ],
25 silly install resolved     _npmOperationalInternal:
25 silly install resolved      { host: 'packages-12-west.internal.npmjs.com',
25 silly install resolved        tmp: 'tmp/feather2-2.0.15.tgz_1473775255457_0.9904094173107296' },
25 silly install resolved     directories: {},
25 silly install resolved     publish_time: 1473775257536,
25 silly install resolved     _cnpm_publish_time: 1473775257536,
25 silly install resolved     _resolved: 'http://registry.npm.taobao.org/feather2/download/feather2-2.0.15.tgz',
25 silly install resolved     readme: 'ERROR: No README data found!' } ]
26 info install feather2@2.0.15 into D:\Users\SUNJIA032\AppData\Roaming\npm
27 info installOne feather2@2.0.15
28 verbose installOne of feather2 to D:\Users\SUNJIA032\AppData\Roaming\npm not in flight; installing
29 verbose lock using D:\Users\SUNJIA032\AppData\Roaming\npm-cache\_locks\feather2-f569e705e8fbf862.lock for D:\Users\SUNJIA032\AppData\Roaming\npm\node_modules\feather2
30 silly install write writing feather2 2.0.15 to D:\Users\SUNJIA032\AppData\Roaming\npm\node_modules\feather2
31 verbose unbuild node_modules\feather2
32 silly gentlyRm D:\Users\SUNJIA032\AppData\Roaming\npm\node_modules\feather2 is being purged from base D:\Users\SUNJIA032\AppData\Roaming\npm
33 verbose gentlyRm don't care about contents; nuking D:\Users\SUNJIA032\AppData\Roaming\npm\node_modules\feather2
34 silly vacuum-fs purging D:\Users\SUNJIA032\AppData\Roaming\npm\node_modules\feather2
35 verbose unlock done using D:\Users\SUNJIA032\AppData\Roaming\npm-cache\_locks\feather2-f569e705e8fbf862.lock for D:\Users\SUNJIA032\AppData\Roaming\npm\node_modules\feather2
36 verbose stack Error: EBUSY, rmdir 'D:\Users\SUNJIA032\AppData\Roaming\npm\node_modules\feather2\node_modules\feather2-server-node'
36 verbose stack     at Error (native)
37 verbose cwd D:\work\doc-frontend
38 error Windows_NT 6.1.7601
39 error argv "D:\\Program Files\\nodejs\\\\node.exe" "D:\\Program Files\\nodejs\\node_modules\\npm\\bin\\npm-cli.js" "install" "feather2" "-g"
40 error node v0.12.7
41 error npm  v2.11.3
42 error path D:\Users\SUNJIA032\AppData\Roaming\npm\node_modules\feather2\node_modules\feather2-server-node
43 error code EBUSY
44 error errno -4082
45 error EBUSY, rmdir 'D:\Users\SUNJIA032\AppData\Roaming\npm\node_modules\feather2\node_modules\feather2-server-node'
46 error If you need help, you may report this error at:
46 error     <https://github.com/npm/npm/issues>
47 verbose exit [ -4082, true ]
48 verbose unbuild node_modules\feather2
49 silly gentlyRm D:\Users\SUNJIA032\AppData\Roaming\npm\node_modules\feather2 is being purged from base D:\Users\SUNJIA032\AppData\Roaming\npm
50 verbose gentlyRm don't care about contents; nuking D:\Users\SUNJIA032\AppData\Roaming\npm\node_modules\feather2
51 silly vacuum-fs purging D:\Users\SUNJIA032\AppData\Roaming\npm\node_modules\feather2
52 error error rolling back Error: EBUSY, rmdir 'D:\Users\SUNJIA032\AppData\Roaming\npm\node_modules\feather2\node_modules\feather2-server-node'
52 error error rolling back     at Error (native)
52 error error rolling back  { [Error: EBUSY, rmdir 'D:\Users\SUNJIA032\AppData\Roaming\npm\node_modules\feather2\node_modules\feather2-server-node']
52 error error rolling back   errno: -4082,
52 error error rolling back   code: 'EBUSY',
52 error error rolling back   path: 'D:\\Users\\SUNJIA032\\AppData\\Roaming\\npm\\node_modules\\feather2\\node_modules\\feather2-server-node' }
